<?xml version="1.0" encoding="UTF-8"?>
<testng-results skipped="0" failed="1" ignored="12" total="21" passed="8">
  <reporter-output>
  </reporter-output>
  <suite name="Suite" duration-ms="73475" started-at="2021-02-02T10:56:38 GMT-06:00" finished-at="2021-02-02T10:57:52 GMT-06:00">
    <groups>
    </groups>
    <test name="Test" duration-ms="73475" started-at="2021-02-02T10:56:38 GMT-06:00" finished-at="2021-02-02T10:57:52 GMT-06:00">
      <class name="com.zestmoney.basicscript.FlipkartPriceNG">
        <test-method status="PASS" signature="beforeClass()[pri:0, instance:com.zestmoney.basicscript.FlipkartPriceNG@dc24521]" name="beforeClass" is-config="true" duration-ms="0" started-at="2021-02-02T10:57:41 GMT-06:00" finished-at="2021-02-02T10:57:41 GMT-06:00">
          <reporter-output>
          </reporter-output>
        </test-method> <!-- beforeClass -->
        <test-method status="PASS" signature="Test()[pri:0, instance:com.zestmoney.basicscript.FlipkartPriceNG@dc24521]" name="Test" duration-ms="0" started-at="2021-02-02T10:57:41 GMT-06:00" finished-at="2021-02-02T10:57:41 GMT-06:00">
          <reporter-output>
          </reporter-output>
        </test-method> <!-- Test -->
        <test-method status="FAIL" signature="fpNG()[pri:0, instance:com.zestmoney.basicscript.FlipkartPriceNG@dc24521]" name="fpNG" duration-ms="10504" started-at="2021-02-02T10:57:41 GMT-06:00" finished-at="2021-02-02T10:57:52 GMT-06:00">
          <exception class="org.openqa.selenium.NoSuchElementException">
            <message>
              <![CDATA[Unable to locate element: /html/body/div[1]/div/div[3]/div[2]/div/div[2]/div[3]/div/div/div/a/div[1]/div[2]/div
For documentation on this error, please visit: https://www.seleniumhq.org/exceptions/no_such_element.html
Build info: version: '3.141.59', revision: 'e82be7d358', time: '2018-11-14T08:17:03'
System info: host: 'DESKTOP-CB71LAQ', ip: '192.168.43.222', os.name: 'Windows 10', os.arch: 'amd64', os.version: '10.0', java.version: '1.8.0_241'
Driver info: org.openqa.selenium.firefox.FirefoxDriver
Capabilities {acceptInsecureCerts: true, browserName: firefox, browserVersion: 85.0, javascriptEnabled: true, moz:accessibilityChecks: false, moz:buildID: 20210118153634, moz:geckodriverVersion: 0.27.0, moz:headless: false, moz:processID: 3092, moz:profile: C:\Users\subir\AppData\Loca..., moz:shutdownTimeout: 60000, moz:useNonSpecCompliantPointerOrigin: false, moz:webdriverClick: true, pageLoadStrategy: normal, platform: WINDOWS, platformName: WINDOWS, platformVersion: 10.0, rotatable: false, setWindowRect: true, strictFileInteractability: false, timeouts: {implicit: 0, pageLoad: 300000, script: 30000}, unhandledPromptBehavior: dismiss and notify}
Session ID: 810f8057-17a3-4a30-bb70-c9b02f41c347
*** Element info: {Using=xpath, value=/html/body/div[1]/div/div[3]/div[2]/div/div[2]/div[3]/div/div/div/a/div[1]/div[2]/div}]]>
            </message>
            <full-stacktrace>
              <![CDATA[org.openqa.selenium.NoSuchElementException: Unable to locate element: /html/body/div[1]/div/div[3]/div[2]/div/div[2]/div[3]/div/div/div/a/div[1]/div[2]/div
For documentation on this error, please visit: https://www.seleniumhq.org/exceptions/no_such_element.html
Build info: version: '3.141.59', revision: 'e82be7d358', time: '2018-11-14T08:17:03'
System info: host: 'DESKTOP-CB71LAQ', ip: '192.168.43.222', os.name: 'Windows 10', os.arch: 'amd64', os.version: '10.0', java.version: '1.8.0_241'
Driver info: org.openqa.selenium.firefox.FirefoxDriver
Capabilities {acceptInsecureCerts: true, browserName: firefox, browserVersion: 85.0, javascriptEnabled: true, moz:accessibilityChecks: false, moz:buildID: 20210118153634, moz:geckodriverVersion: 0.27.0, moz:headless: false, moz:processID: 3092, moz:profile: C:\Users\subir\AppData\Loca..., moz:shutdownTimeout: 60000, moz:useNonSpecCompliantPointerOrigin: false, moz:webdriverClick: true, pageLoadStrategy: normal, platform: WINDOWS, platformName: WINDOWS, platformVersion: 10.0, rotatable: false, setWindowRect: true, strictFileInteractability: false, timeouts: {implicit: 0, pageLoad: 300000, script: 30000}, unhandledPromptBehavior: dismiss and notify}
Session ID: 810f8057-17a3-4a30-bb70-c9b02f41c347
*** Element info: {Using=xpath, value=/html/body/div[1]/div/div[3]/div[2]/div/div[2]/div[3]/div/div/div/a/div[1]/div[2]/div}
at sun.reflect.NativeConstructorAccessorImpl.newInstance0(Native Method)
at sun.reflect.NativeConstructorAccessorImpl.newInstance(Unknown Source)
at sun.reflect.DelegatingConstructorAccessorImpl.newInstance(Unknown Source)
at java.lang.reflect.Constructor.newInstance(Unknown Source)
at org.openqa.selenium.remote.http.W3CHttpResponseCodec.createException(W3CHttpResponseCodec.java:187)
at org.openqa.selenium.remote.http.W3CHttpResponseCodec.decode(W3CHttpResponseCodec.java:122)
at org.openqa.selenium.remote.http.W3CHttpResponseCodec.decode(W3CHttpResponseCodec.java:49)
at org.openqa.selenium.remote.HttpCommandExecutor.execute(HttpCommandExecutor.java:158)
at org.openqa.selenium.remote.service.DriverCommandExecutor.execute(DriverCommandExecutor.java:83)
at org.openqa.selenium.remote.RemoteWebDriver.execute(RemoteWebDriver.java:552)
at org.openqa.selenium.remote.RemoteWebDriver.findElement(RemoteWebDriver.java:323)
at org.openqa.selenium.remote.RemoteWebDriver.findElementByXPath(RemoteWebDriver.java:428)
at org.openqa.selenium.By$ByXPath.findElement(By.java:353)
at org.openqa.selenium.remote.RemoteWebDriver.findElement(RemoteWebDriver.java:315)
at com.zestmoney.master.Library.flipkartPrice(Library.java:78)
at com.zestmoney.basicscript.FlipkartPriceNG.fpNG(FlipkartPriceNG.java:8)
at sun.reflect.NativeMethodAccessorImpl.invoke0(Native Method)
at sun.reflect.NativeMethodAccessorImpl.invoke(Unknown Source)
at sun.reflect.DelegatingMethodAccessorImpl.invoke(Unknown Source)
at java.lang.reflect.Method.invoke(Unknown Source)
at org.testng.internal.MethodInvocationHelper.invokeMethod(MethodInvocationHelper.java:134)
at org.testng.internal.TestInvoker.invokeMethod(TestInvoker.java:597)
at org.testng.internal.TestInvoker.invokeTestMethod(TestInvoker.java:173)
at org.testng.internal.MethodRunner.runInSequence(MethodRunner.java:46)
at org.testng.internal.TestInvoker$MethodInvocationAgent.invoke(TestInvoker.java:816)
at org.testng.internal.TestInvoker.invokeTestMethods(TestInvoker.java:146)
at org.testng.internal.TestMethodWorker.invokeTestMethods(TestMethodWorker.java:146)
at org.testng.internal.TestMethodWorker.run(TestMethodWorker.java:128)
at java.util.ArrayList.forEach(Unknown Source)
at org.testng.TestRunner.privateRun(TestRunner.java:766)
at org.testng.TestRunner.run(TestRunner.java:587)
at org.testng.SuiteRunner.runTest(SuiteRunner.java:384)
at org.testng.SuiteRunner.runSequentially(SuiteRunner.java:378)
at org.testng.SuiteRunner.privateRun(SuiteRunner.java:337)
at org.testng.SuiteRunner.run(SuiteRunner.java:286)
at org.testng.SuiteRunnerWorker.runSuite(SuiteRunnerWorker.java:53)
at org.testng.SuiteRunnerWorker.run(SuiteRunnerWorker.java:96)
at org.testng.TestNG.runSuitesSequentially(TestNG.java:1187)
at org.testng.TestNG.runSuitesLocally(TestNG.java:1109)
at org.testng.TestNG.runSuites(TestNG.java:1039)
at org.testng.TestNG.run(TestNG.java:1007)
at org.apache.maven.surefire.testng.TestNGExecutor.run(TestNGExecutor.java:283)
at org.apache.maven.surefire.testng.TestNGXmlTestSuite.execute(TestNGXmlTestSuite.java:75)
at org.apache.maven.surefire.testng.TestNGProvider.invoke(TestNGProvider.java:120)
at org.apache.maven.surefire.booter.ForkedBooter.invokeProviderInSameClassLoader(ForkedBooter.java:384)
at org.apache.maven.surefire.booter.ForkedBooter.runSuitesInProcess(ForkedBooter.java:345)
at org.apache.maven.surefire.booter.ForkedBooter.execute(ForkedBooter.java:126)
at org.apache.maven.surefire.booter.ForkedBooter.main(ForkedBooter.java:418)
]]>
            </full-stacktrace>
          </exception> <!-- org.openqa.selenium.NoSuchElementException -->
          <reporter-output>
          </reporter-output>
        </test-method> <!-- fpNG -->
        <test-method status="PASS" signature="afterClass()[pri:0, instance:com.zestmoney.basicscript.FlipkartPriceNG@dc24521]" name="afterClass" is-config="true" duration-ms="1" started-at="2021-02-02T10:57:52 GMT-06:00" finished-at="2021-02-02T10:57:52 GMT-06:00">
          <reporter-output>
          </reporter-output>
        </test-method> <!-- afterClass -->
      </class> <!-- com.zestmoney.basicscript.FlipkartPriceNG -->
      <class name="com.zestmoney.basicscript.OpenFlipkartNG">
        <test-method status="PASS" signature="beforeClass()[pri:0, instance:com.zestmoney.basicscript.OpenFlipkartNG@148080bb]" name="beforeClass" is-config="true" duration-ms="0" started-at="2021-02-02T10:57:15 GMT-06:00" finished-at="2021-02-02T10:57:15 GMT-06:00">
          <reporter-output>
          </reporter-output>
        </test-method> <!-- beforeClass -->
        <test-method status="PASS" signature="Test()[pri:0, instance:com.zestmoney.basicscript.OpenFlipkartNG@148080bb]" name="Test" duration-ms="0" started-at="2021-02-02T10:57:15 GMT-06:00" finished-at="2021-02-02T10:57:15 GMT-06:00">
          <reporter-output>
          </reporter-output>
        </test-method> <!-- Test -->
        <test-method status="PASS" signature="ofNG()[pri:0, instance:com.zestmoney.basicscript.OpenFlipkartNG@148080bb]" name="ofNG" duration-ms="26018" started-at="2021-02-02T10:57:15 GMT-06:00" finished-at="2021-02-02T10:57:41 GMT-06:00">
          <reporter-output>
          </reporter-output>
        </test-method> <!-- ofNG -->
        <test-method status="PASS" signature="afterClass()[pri:0, instance:com.zestmoney.basicscript.OpenFlipkartNG@148080bb]" name="afterClass" is-config="true" duration-ms="0" started-at="2021-02-02T10:57:41 GMT-06:00" finished-at="2021-02-02T10:57:41 GMT-06:00">
          <reporter-output>
          </reporter-output>
        </test-method> <!-- afterClass -->
      </class> <!-- com.zestmoney.basicscript.OpenFlipkartNG -->
      <class name="com.zestmoney.master.ExeLib2">
        <test-method status="PASS" signature="abc()[pri:0, instance:com.zestmoney.master.ExeLib2@64bf3bbf]" name="abc" duration-ms="32650" started-at="2021-02-02T10:56:39 GMT-06:00" finished-at="2021-02-02T10:57:11 GMT-06:00">
          <reporter-output>
          </reporter-output>
        </test-method> <!-- abc -->
      </class> <!-- com.zestmoney.master.ExeLib2 -->
      <class name="com.zestmoney.basicscript.AmazonMobileNG">
        <test-method status="PASS" signature="beforeSuite()[pri:0, instance:com.zestmoney.basicscript.AmazonMobileNG@64bfbc86]" name="beforeSuite" is-config="true" duration-ms="43188" started-at="2021-02-02T10:55:55 GMT-06:00" finished-at="2021-02-02T10:56:38 GMT-06:00">
          <reporter-output>
          </reporter-output>
        </test-method> <!-- beforeSuite -->
        <test-method status="PASS" signature="beforeTest()[pri:0, instance:com.zestmoney.basicscript.AmazonMobileNG@64bfbc86]" name="beforeTest" is-config="true" duration-ms="1" started-at="2021-02-02T10:56:38 GMT-06:00" finished-at="2021-02-02T10:56:38 GMT-06:00">
          <reporter-output>
          </reporter-output>
        </test-method> <!-- beforeTest -->
        <test-method status="PASS" signature="beforeClass()[pri:0, instance:com.zestmoney.basicscript.AmazonMobileNG@64bfbc86]" name="beforeClass" is-config="true" duration-ms="1" started-at="2021-02-02T10:57:11 GMT-06:00" finished-at="2021-02-02T10:57:11 GMT-06:00">
          <reporter-output>
          </reporter-output>
        </test-method> <!-- beforeClass -->
        <test-method status="PASS" signature="amNG()[pri:0, instance:com.zestmoney.basicscript.AmazonMobileNG@64bfbc86]" name="amNG" duration-ms="559" started-at="2021-02-02T10:57:11 GMT-06:00" finished-at="2021-02-02T10:57:12 GMT-06:00">
          <reporter-output>
          </reporter-output>
        </test-method> <!-- amNG -->
        <test-method status="PASS" signature="Test()[pri:0, instance:com.zestmoney.basicscript.AmazonMobileNG@64bfbc86]" name="Test" duration-ms="0" started-at="2021-02-02T10:57:12 GMT-06:00" finished-at="2021-02-02T10:57:12 GMT-06:00">
          <reporter-output>
          </reporter-output>
        </test-method> <!-- Test -->
        <test-method status="PASS" signature="afterClass()[pri:0, instance:com.zestmoney.basicscript.AmazonMobileNG@64bfbc86]" name="afterClass" is-config="true" duration-ms="1" started-at="2021-02-02T10:57:12 GMT-06:00" finished-at="2021-02-02T10:57:12 GMT-06:00">
          <reporter-output>
          </reporter-output>
        </test-method> <!-- afterClass -->
        <test-method status="PASS" signature="afterTest()[pri:0, instance:com.zestmoney.basicscript.AmazonMobileNG@64bfbc86]" name="afterTest" is-config="true" duration-ms="1" started-at="2021-02-02T10:57:52 GMT-06:00" finished-at="2021-02-02T10:57:52 GMT-06:00">
          <reporter-output>
          </reporter-output>
        </test-method> <!-- afterTest -->
        <test-method status="PASS" signature="afterSuite()[pri:0, instance:com.zestmoney.basicscript.AmazonMobileNG@64bfbc86]" name="afterSuite" is-config="true" duration-ms="0" started-at="2021-02-02T10:57:52 GMT-06:00" finished-at="2021-02-02T10:57:52 GMT-06:00">
          <reporter-output>
          </reporter-output>
        </test-method> <!-- afterSuite -->
      </class> <!-- com.zestmoney.basicscript.AmazonMobileNG -->
      <class name="com.zestmoney.basicscript.AmazonPriceNG">
        <test-method status="PASS" signature="beforeClass()[pri:0, instance:com.zestmoney.basicscript.AmazonPriceNG@55d56113]" name="beforeClass" is-config="true" duration-ms="1" started-at="2021-02-02T10:57:12 GMT-06:00" finished-at="2021-02-02T10:57:12 GMT-06:00">
          <reporter-output>
          </reporter-output>
        </test-method> <!-- beforeClass -->
        <test-method status="PASS" signature="apNG()[pri:0, instance:com.zestmoney.basicscript.AmazonPriceNG@55d56113]" name="apNG" duration-ms="3640" started-at="2021-02-02T10:57:12 GMT-06:00" finished-at="2021-02-02T10:57:15 GMT-06:00">
          <reporter-output>
          </reporter-output>
        </test-method> <!-- apNG -->
        <test-method status="PASS" signature="Test()[pri:0, instance:com.zestmoney.basicscript.AmazonPriceNG@55d56113]" name="Test" duration-ms="0" started-at="2021-02-02T10:57:15 GMT-06:00" finished-at="2021-02-02T10:57:15 GMT-06:00">
          <reporter-output>
          </reporter-output>
        </test-method> <!-- Test -->
        <test-method status="PASS" signature="afterClass()[pri:0, instance:com.zestmoney.basicscript.AmazonPriceNG@55d56113]" name="afterClass" is-config="true" duration-ms="1" started-at="2021-02-02T10:57:15 GMT-06:00" finished-at="2021-02-02T10:57:15 GMT-06:00">
          <reporter-output>
          </reporter-output>
        </test-method> <!-- afterClass -->
      </class> <!-- com.zestmoney.basicscript.AmazonPriceNG -->
    </test> <!-- Test -->
  </suite> <!-- Suite -->
</testng-results>
