<?xml version="1.0" encoding="UTF-8"?>
<testsuite xmlns:xsi="http://www.w3.org/2001/XMLSchema-instance" xsi:noNamespaceSchemaLocation="https://maven.apache.org/surefire/maven-surefire-plugin/xsd/surefire-test-report-3.0.xsd" version="3.0" name="TestSuite" time="119.709" tests="9" errors="0" skipped="0" failures="1">
  <properties>
[...]
</properties>
  <testcase name="abc" classname="com.zestmoney.master.ExeLib2" time="32.656"/>
  <testcase name="amNG" classname="com.zestmoney.basicscript.AmazonMobileNG" time="0.561"/>
  <testcase name="Test" classname="com.zestmoney.basicscript.AmazonMobileNG" time="0"/>
  <testcase name="apNG" classname="com.zestmoney.basicscript.AmazonPriceNG" time="3.64"/>
  <testcase name="Test" classname="com.zestmoney.basicscript.AmazonPriceNG" time="0"/>
  <testcase name="Test" classname="com.zestmoney.basicscript.OpenFlipkartNG" time="0"/>
  <testcase name="ofNG" classname="com.zestmoney.basicscript.OpenFlipkartNG" time="26.014"/>
  <testcase name="Test" classname="com.zestmoney.basicscript.FlipkartPriceNG" time="0.001"/>
  <testcase name="fpNG" classname="com.zestmoney.basicscript.FlipkartPriceNG" time="10.527">
    <failure message="Unable to locate element: /html/body/div[1]/div/div[3]/div[2]/div/div[2]/div[3]/div/div/div/a/div[1]/div[2]/div&#10;For documentation on this error, please visit: https://www.seleniumhq.org/exceptions/no_such_element.html&#10;Build info: version: &apos;3.141.59&apos;, revision: &apos;e82be7d358&apos;, time: &apos;2018-11-14T08:17:03&apos;&#10;System info: host: &apos;DESKTOP-CB71LAQ&apos;, ip: &apos;192.168.43.222&apos;, os.name: &apos;Windows 10&apos;, os.arch: &apos;amd64&apos;, os.version: &apos;10.0&apos;, java.version: &apos;1.8.0_241&apos;&#10;Driver info: org.openqa.selenium.firefox.FirefoxDriver&#10;Capabilities {acceptInsecureCerts: true, browserName: firefox, browserVersion: 85.0, javascriptEnabled: true, moz:accessibilityChecks: false, moz:buildID: 20210118153634, moz:geckodriverVersion: 0.27.0, moz:headless: false, moz:processID: 3092, moz:profile: C:\Users\subir\AppData\Loca..., moz:shutdownTimeout: 60000, moz:useNonSpecCompliantPointerOrigin: false, moz:webdriverClick: true, pageLoadStrategy: normal, platform: WINDOWS, platformName: WINDOWS, platformVersion: 10.0, rotatable: false, setWindowRect: true, strictFileInteractability: false, timeouts: {implicit: 0, pageLoad: 300000, script: 30000}, unhandledPromptBehavior: dismiss and notify}&#10;Session ID: 810f8057-17a3-4a30-bb70-c9b02f41c347&#10;*** Element info: {Using=xpath, value=/html/body/div[1]/div/div[3]/div[2]/div/div[2]/div[3]/div/div/div/a/div[1]/div[2]/div}" type="org.openqa.selenium.NoSuchElementException">org.openqa.selenium.NoSuchElementException: 
Unable to locate element: /html/body/div[1]/div/div[3]/div[2]/div/div[2]/div[3]/div/div/div/a/div[1]/div[2]/div
For documentation on this error, please visit: https://www.seleniumhq.org/exceptions/no_such_element.html
Build info: version: '3.141.59', revision: 'e82be7d358', time: '2018-11-14T08:17:03'
System info: host: 'DESKTOP-CB71LAQ', ip: '192.168.43.222', os.name: 'Windows 10', os.arch: 'amd64', os.version: '10.0', java.version: '1.8.0_241'
Driver info: org.openqa.selenium.firefox.FirefoxDriver
Capabilities {acceptInsecureCerts: true, browserName: firefox, browserVersion: 85.0, javascriptEnabled: true, moz:accessibilityChecks: false, moz:buildID: 20210118153634, moz:geckodriverVersion: 0.27.0, moz:headless: false, moz:processID: 3092, moz:profile: C:\Users\subir\AppData\Loca..., moz:shutdownTimeout: 60000, moz:useNonSpecCompliantPointerOrigin: false, moz:webdriverClick: true, pageLoadStrategy: normal, platform: WINDOWS, platformName: WINDOWS, platformVersion: 10.0, rotatable: false, setWindowRect: true, strictFileInteractability: false, timeouts: {implicit: 0, pageLoad: 300000, script: 30000}, unhandledPromptBehavior: dismiss and notify}
Session ID: 810f8057-17a3-4a30-bb70-c9b02f41c347
*** Element info: {Using=xpath, value=/html/body/div[1]/div/div[3]/div[2]/div/div[2]/div[3]/div/div/div/a/div[1]/div[2]/div}
	at com.zestmoney.basicscript.FlipkartPriceNG.fpNG(FlipkartPriceNG.java:8)
</failure>
  </testcase>
</testsuite>